<?xml version="1.0" encoding="UTF-8"?>
<testsuite xmlns:xsi="http://www.w3.org/2001/XMLSchema-instance" xsi:noNamespaceSchemaLocation="https://maven.apache.org/surefire/maven-surefire-plugin/xsd/surefire-test-report-3.0.xsd" version="3.0" name="OperationsTest" time="0.055" tests="8" errors="0" skipped="0" failures="0">
  <properties>
[...]
</properties>
  <testcase name="testAdd" classname="OperationsTest" time="0.006"/>
  <testcase name="testNull" classname="OperationsTest" time="0.002"/>
  <testcase name="testException" classname="OperationsTest" time="0.002"/>
  <testcase name="testMultiply" classname="OperationsTest" time="0.006"/>
  <testcase name="testArrayEquals" classname="OperationsTest" time="0.01">
    <system-out><![CDATA[Free memory257778192
]]></system-out>
  </testcase>
  <testcase name="testArrayEquals" classname="OperationsTest" time="0.002">
    <system-out><![CDATA[Free memory257778192
]]></system-out>
  </testcase>
  <testcase name="testArrayEquals" classname="OperationsTest" time="0.002">
    <system-out><![CDATA[Free memory257778192
]]></system-out>
  </testcase>
  <testcase name="testIterableEquals" classname="OperationsTest" time="0.003"/>
</testsuite>